
Showing logs for build [32mcb-kubecd-environment-pr-197-14-vxvj2-1[0m stage [32mfrom-build-pack[0m and container [32mstep-credential-initializer-c8b8f[0m
{"level":"warn","ts":1586300014.7639318,"logger":"fallback-logger","caller":"logging/config.go:69","msg":"Fetch GitHub commit ID from kodata failed: \"ref: refs/heads/0.8.0-**-support-backwards-incompats\" is not a valid GitHub commit ID"}
{"level":"info","ts":1586300014.7647955,"logger":"fallback-logger","caller":"creds-init/main.go:40","msg":"Credentials initialized."}

Showing logs for build [32mcb-kubecd-environment-pr-197-14-vxvj2-1[0m stage [32mfrom-build-pack[0m and container [32mstep-working-dir-initializer-9xwpz[0m
{"level":"warn","ts":1586300015.7351682,"logger":"fallback-logger","caller":"logging/config.go:69","msg":"Fetch GitHub commit ID from kodata failed: open /var/run/ko/HEAD: no such file or directory"}
{"level":"info","ts":1586300015.736736,"logger":"fallback-logger","caller":"bash/main.go:64","msg":"Successfully executed command \"sh -c mkdir -p /workspace/source\"; output "}

Showing logs for build [32mcb-kubecd-environment-pr-197-14-vxvj2-1[0m stage [32mfrom-build-pack[0m and container [32mstep-place-tools[0m

Showing logs for build [32mcb-kubecd-environment-pr-197-14-vxvj2-1[0m stage [32mfrom-build-pack[0m and container [32mstep-git-source-cb-kubecd-environment-pr-197-14-vxvj2-59dxg[0m
{"level":"warn","ts":1586300018.8352528,"logger":"fallback-logger","caller":"logging/config.go:69","msg":"Fetch GitHub commit ID from kodata failed: \"ref: refs/heads/0.8.0-**-support-backwards-incompats\" is not a valid GitHub commit ID"}
{"level":"info","ts":1586300019.8660178,"logger":"fallback-logger","caller":"git/git.go:103","msg":"Successfully cloned https://github.com/cb-kubecd/environment-pr-197-14-boot-vault-gke-production.git @ master in path /workspace/source"}

Showing logs for build [32mcb-kubecd-environment-pr-197-14-vxvj2-1[0m stage [32mfrom-build-pack[0m and container [32mstep-git-merge[0m
Using SHAs from PULL_REFS=master:fdd5891a762087a5b73c278cf2674498cbf89c0c,1:67ee7b19b8202dc3748ba4f5a4e6378f089482e5
DEBUG: LC_ALL=C JX_LOG_LEVEL=error git fetch origin --unshallow 67ee7b19b8202dc3748ba4f5a4e6378f089482e5: fdd5891a762087a5b73c278cf2674498cbf89c0c:
DEBUG: ran git fetch --unshallow origin 67ee7b19b8202dc3748ba4f5a4e6378f089482e5: fdd5891a762087a5b73c278cf2674498cbf89c0c: in 
DEBUG: LC_ALL=C JX_LOG_LEVEL=error git branch
DEBUG: LC_ALL=C JX_LOG_LEVEL=error git checkout master
DEBUG: ran git checkout master in 
DEBUG: LC_ALL=C JX_LOG_LEVEL=error git reset --hard fdd5891a762087a5b73c278cf2674498cbf89c0c
DEBUG: ran git reset --hard fdd5891a762087a5b73c278cf2674498cbf89c0c in 
DEBUG: LC_ALL=C JX_LOG_LEVEL=error git clean -fd .
DEBUG: ran clean --force -d . in 
DEBUG: LC_ALL=C JX_LOG_LEVEL=error git merge 67ee7b19b8202dc3748ba4f5a4e6378f089482e5
DEBUG: ran git merge 67ee7b19b8202dc3748ba4f5a4e6378f089482e5 in 
DEBUG: LC_ALL=C JX_LOG_LEVEL=error git log --format=%H%x1f%an%x1f%ae%x1f%cn%x1f%ce%x1f%s%n%b%x1e fdd5891a762087a5b73c278cf2674498cbf89c0c..HEAD
Merged SHA 67ee7b19b8202dc3748ba4f5a4e6378f089482e5 with commit message 'chore: Promote bdd-spring-1586298673 to version 0.0.1' into base branch master

Showing logs for build [32mcb-kubecd-environment-pr-197-14-vxvj2-1[0m stage [32mfrom-build-pack[0m and container [32mstep-build-helm-build[0m
WARNING: No $CHART_REPOSITORY defined so using the default value of: http://jenkins-x-chartmuseum:8080
Adding missing Helm repo: storage.googleapis.com https://storage.googleapis.com/chartmuseum.jenkins-x.io
WARNING: No secrets found on "helm/repos" due: reading the secret "helm/repos" from vault: no secret "helm/repos" not found in vault
Read credentials for https://storage.googleapis.com/chartmuseum.jenkins-x.io from vault helm/repos
Successfully added Helm repository storage.googleapis.com.
Adding missing Helm repo: jenkins-x-chartmuseum http://jenkins-x-chartmuseum:8080
WARNING: No secrets found on "helm/repos" due: reading the secret "helm/repos" from vault: no secret "helm/repos" not found in vault
Read credentials for http://jenkins-x-chartmuseum:8080 from vault helm/repos
Successfully added Helm repository jenkins-x-chartmuseum.
WARNING: No $CHART_REPOSITORY defined so using the default value of: http://jenkins-x-chartmuseum:8080
Adding missing Helm repo: chartmuseum.jenkins-x.io http://chartmuseum.jenkins-x.io
WARNING: No secrets found on "helm/repos" due: reading the secret "helm/repos" from vault: no secret "helm/repos" not found in vault
Read credentials for http://chartmuseum.jenkins-x.io from vault helm/repos
Successfully added Helm repository chartmuseum.jenkins-x.io.
